-------------------------------------------------------------------------------
Test set: com.example.homeraspberrymonitor.HomeRaspberryMonitorApplicationTests
-------------------------------------------------------------------------------
Tests run: 1, Failures: 0, Errors: 1, Skipped: 0, Time elapsed: 2.554 s <<< FAILURE! - in com.example.homeraspberrymonitor.HomeRaspberryMonitorApplicationTests
contextLoads  Time elapsed: 0.001 s  <<< ERROR!
java.lang.IllegalStateException: Failed to load ApplicationContext
Caused by: org.springframework.beans.factory.UnsatisfiedDependencyException: 
Error creating bean with name 'reportRecordController' defined in file [/home/jeffrey/HomeRaspberryMonitor/HomeRaspberryMonitor/webapp/target/classes/com/example/api/ReportRecordController.class]: Unsatisfied dependency expressed through constructor parameter 0; nested exception is org.springframework.beans.factory.UnsatisfiedDependencyException: Error creating bean with name 'reportRecordService' defined in file [/home/jeffrey/HomeRaspberryMonitor/HomeRaspberryMonitor/webapp/target/classes/com/example/service/ReportRecordService.class]: Unsatisfied dependency expressed through constructor parameter 0; nested exception is org.springframework.beans.factory.UnsatisfiedDependencyException: Error creating bean with name 'postgres-reportRecord' defined in file [/home/jeffrey/HomeRaspberryMonitor/HomeRaspberryMonitor/webapp/target/classes/com/example/dao/ReportRecordDataAccessService.class]: Unsatisfied dependency expressed through constructor parameter 0; nested exception is org.springframework.beans.factory.BeanCreationException: Error creating bean with name 'flywayInitializer' defined in class path resource [org/springframework/boot/autoconfigure/flyway/FlywayAutoConfiguration$FlywayConfiguration.class]: Invocation of init method failed; nested exception is org.flywaydb.core.internal.exception.FlywaySqlException: 
Unable to obtain connection from database: The connection attempt failed.
-------------------------------------------------------------------------
SQL State  : 08001
Error Code : 0
Message    : The connection attempt failed.

Caused by: org.springframework.beans.factory.UnsatisfiedDependencyException: 
Error creating bean with name 'reportRecordService' defined in file [/home/jeffrey/HomeRaspberryMonitor/HomeRaspberryMonitor/webapp/target/classes/com/example/service/ReportRecordService.class]: Unsatisfied dependency expressed through constructor parameter 0; nested exception is org.springframework.beans.factory.UnsatisfiedDependencyException: Error creating bean with name 'postgres-reportRecord' defined in file [/home/jeffrey/HomeRaspberryMonitor/HomeRaspberryMonitor/webapp/target/classes/com/example/dao/ReportRecordDataAccessService.class]: Unsatisfied dependency expressed through constructor parameter 0; nested exception is org.springframework.beans.factory.BeanCreationException: Error creating bean with name 'flywayInitializer' defined in class path resource [org/springframework/boot/autoconfigure/flyway/FlywayAutoConfiguration$FlywayConfiguration.class]: Invocation of init method failed; nested exception is org.flywaydb.core.internal.exception.FlywaySqlException: 
Unable to obtain connection from database: The connection attempt failed.
-------------------------------------------------------------------------
SQL State  : 08001
Error Code : 0
Message    : The connection attempt failed.

Caused by: org.springframework.beans.factory.UnsatisfiedDependencyException: 
Error creating bean with name 'postgres-reportRecord' defined in file [/home/jeffrey/HomeRaspberryMonitor/HomeRaspberryMonitor/webapp/target/classes/com/example/dao/ReportRecordDataAccessService.class]: Unsatisfied dependency expressed through constructor parameter 0; nested exception is org.springframework.beans.factory.BeanCreationException: Error creating bean with name 'flywayInitializer' defined in class path resource [org/springframework/boot/autoconfigure/flyway/FlywayAutoConfiguration$FlywayConfiguration.class]: Invocation of init method failed; nested exception is org.flywaydb.core.internal.exception.FlywaySqlException: 
Unable to obtain connection from database: The connection attempt failed.
-------------------------------------------------------------------------
SQL State  : 08001
Error Code : 0
Message    : The connection attempt failed.

Caused by: org.springframework.beans.factory.BeanCreationException: 
Error creating bean with name 'flywayInitializer' defined in class path resource [org/springframework/boot/autoconfigure/flyway/FlywayAutoConfiguration$FlywayConfiguration.class]: Invocation of init method failed; nested exception is org.flywaydb.core.internal.exception.FlywaySqlException: 
Unable to obtain connection from database: The connection attempt failed.
-------------------------------------------------------------------------
SQL State  : 08001
Error Code : 0
Message    : The connection attempt failed.

Caused by: org.flywaydb.core.internal.exception.FlywaySqlException: 

Unable to obtain connection from database: The connection attempt failed.
-------------------------------------------------------------------------
SQL State  : 08001
Error Code : 0
Message    : The connection attempt failed.

Caused by: org.postgresql.util.PSQLException: The connection attempt failed.
Caused by: java.net.UnknownHostException: ${DB_SERVER}

